0 info it worked if it ends with ok
1 verbose cli [ '/usr/local/bin/node',
1 verbose cli   '/usr/local/bin/npm',
1 verbose cli   'install',
1 verbose cli   '-g',
1 verbose cli   'yo',
1 verbose cli   'generator-hubot' ]
2 info using npm@6.4.1
3 info using node@v10.15.0
4 verbose npm-session 93dc8532cc5de71b
5 silly install loadCurrentTree
6 silly install readGlobalPackageData
7 silly fetchPackageMetaData error for generator-hubot@latest request to https://registry.npmjs.org/generator-hubot failed, reason: certificate has expired
8 silly fetchPackageMetaData error for yo@latest request to https://registry.npmjs.org/yo failed, reason: certificate has expired
9 timing stage:rollbackFailedOptional Completed in 0ms
10 timing stage:runTopLevelLifecycles Completed in 542ms
11 verbose type system
12 verbose stack FetchError: request to https://registry.npmjs.org/generator-hubot failed, reason: certificate has expired
12 verbose stack     at ClientRequest.req.on.err (/usr/local/lib/node_modules/npm/node_modules/node-fetch-npm/src/index.js:68:14)
12 verbose stack     at ClientRequest.emit (events.js:182:13)
12 verbose stack     at TLSSocket.socketErrorListener (_http_client.js:392:9)
12 verbose stack     at TLSSocket.emit (events.js:182:13)
12 verbose stack     at emitErrorNT (internal/streams/destroy.js:82:8)
12 verbose stack     at emitErrorAndCloseNT (internal/streams/destroy.js:50:3)
12 verbose stack     at process._tickCallback (internal/process/next_tick.js:63:19)
13 verbose cwd /home/cbueno
14 verbose Linux 3.10.0-957.1.3.el7.x86_64
15 verbose argv "/usr/local/bin/node" "/usr/local/bin/npm" "install" "-g" "yo" "generator-hubot"
16 verbose node v10.15.0
17 verbose npm  v6.4.1
18 error code CERT_HAS_EXPIRED
19 error errno CERT_HAS_EXPIRED
20 error request to https://registry.npmjs.org/generator-hubot failed, reason: certificate has expired
21 verbose exit [ 1, true ]
